c:\users\quodpipax\source\repos\rps-code-challenge\rps-code-challenge\x64\debug\rps-code-challenge.exe
c:\users\quodpipax\source\repos\rps-code-challenge\rps-code-challenge\x64\debug\rps-code-challenge.pdb
c:\users\quodpipax\source\repos\rps-code-challenge\rps-code-challenge\rps-code.cbe8da37\x64\debug\driver.ixx.ifc
c:\users\quodpipax\source\repos\rps-code-challenge\rps-code-challenge\rps-code.cbe8da37\x64\debug\driver.ixx.ifc.d.json
c:\users\quodpipax\source\repos\rps-code-challenge\rps-code-challenge\rps-code.cbe8da37\x64\debug\driver.ixx.obj
c:\users\quodpipax\source\repos\rps-code-challenge\rps-code-challenge\rps-code.cbe8da37\x64\debug\regex_ubfvh9x6zw8x8u2y.ifc
c:\users\quodpipax\source\repos\rps-code-challenge\rps-code-challenge\rps-code.cbe8da37\x64\debug\regex_ubfvh9x6zw8x8u2y.ifc.d.json
c:\users\quodpipax\source\repos\rps-code-challenge\rps-code-challenge\rps-code.cbe8da37\x64\debug\regex_ubfvh9x6zw8x8u2y.obj
c:\users\quodpipax\source\repos\rps-code-challenge\rps-code-challenge\rps-code.cbe8da37\x64\debug\main.cpp.ifc.d.json
c:\users\quodpipax\source\repos\rps-code-challenge\rps-code-challenge\rps-code.cbe8da37\x64\debug\main.cpp.obj
c:\users\quodpipax\source\repos\rps-code-challenge\rps-code-challenge\rps-code.cbe8da37\x64\debug\iostream_dswhefd0yvux4jxo.ifc
c:\users\quodpipax\source\repos\rps-code-challenge\rps-code-challenge\rps-code.cbe8da37\x64\debug\iostream_dswhefd0yvux4jxo.ifc.d.json
c:\users\quodpipax\source\repos\rps-code-challenge\rps-code-challenge\rps-code.cbe8da37\x64\debug\iostream_dswhefd0yvux4jxo.obj
c:\users\quodpipax\source\repos\rps-code-challenge\rps-code-challenge\rps-code.cbe8da37\x64\debug\format_c1t5j4o02th3z33u.ifc
c:\users\quodpipax\source\repos\rps-code-challenge\rps-code-challenge\rps-code.cbe8da37\x64\debug\format_c1t5j4o02th3z33u.ifc.d.json
c:\users\quodpipax\source\repos\rps-code-challenge\rps-code-challenge\rps-code.cbe8da37\x64\debug\format_c1t5j4o02th3z33u.obj
c:\users\quodpipax\source\repos\rps-code-challenge\rps-code-challenge\rps-code.cbe8da37\x64\debug\random_2oabcq47uyjydfi9.ifc
c:\users\quodpipax\source\repos\rps-code-challenge\rps-code-challenge\rps-code.cbe8da37\x64\debug\random_2oabcq47uyjydfi9.ifc.d.json
c:\users\quodpipax\source\repos\rps-code-challenge\rps-code-challenge\rps-code.cbe8da37\x64\debug\random_2oabcq47uyjydfi9.obj
c:\users\quodpipax\source\repos\rps-code-challenge\rps-code-challenge\rps-code.cbe8da37\x64\debug\driver.cpp.ifc
c:\users\quodpipax\source\repos\rps-code-challenge\rps-code-challenge\rps-code.cbe8da37\x64\debug\driver.cpp.ifc.d.json
c:\users\quodpipax\source\repos\rps-code-challenge\rps-code-challenge\rps-code.cbe8da37\x64\debug\driver.cpp.obj
c:\users\quodpipax\source\repos\rps-code-challenge\rps-code-challenge\rps-code.cbe8da37\x64\debug\main.cpp.module.json
c:\users\quodpipax\source\repos\rps-code-challenge\rps-code-challenge\rps-code.cbe8da37\x64\debug\driver.ixx.module.json
c:\users\quodpipax\source\repos\rps-code-challenge\rps-code-challenge\rps-code.cbe8da37\x64\debug\iostream_dswhefd0yvux4jxo.module.json
c:\users\quodpipax\source\repos\rps-code-challenge\rps-code-challenge\rps-code.cbe8da37\x64\debug\format_c1t5j4o02th3z33u.module.json
c:\users\quodpipax\source\repos\rps-code-challenge\rps-code-challenge\rps-code.cbe8da37\x64\debug\random_2oabcq47uyjydfi9.module.json
c:\users\quodpipax\source\repos\rps-code-challenge\rps-code-challenge\rps-code.cbe8da37\x64\debug\regex_ubfvh9x6zw8x8u2y.module.json
c:\users\quodpipax\source\repos\rps-code-challenge\rps-code-challenge\rps-code.cbe8da37\x64\debug\driver.cpp.module.json
c:\users\quodpipax\source\repos\rps-code-challenge\rps-code-challenge\rps-code.cbe8da37\x64\debug\rps-code-challenge.ilk
c:\users\quodpipax\source\repos\rps-code-challenge\rps-code-challenge\rps-code.cbe8da37\x64\debug\vc143.idb
c:\users\quodpipax\source\repos\rps-code-challenge\rps-code-challenge\rps-code.cbe8da37\x64\debug\vc143.pdb
c:\users\quodpipax\source\repos\rps-code-challenge\rps-code-challenge\rps-code.cbe8da37\x64\debug\rps-code.cbe8da37.tlog\cl.command.1.tlog
c:\users\quodpipax\source\repos\rps-code-challenge\rps-code-challenge\rps-code.cbe8da37\x64\debug\rps-code.cbe8da37.tlog\cl.items.tlog
c:\users\quodpipax\source\repos\rps-code-challenge\rps-code-challenge\rps-code.cbe8da37\x64\debug\rps-code.cbe8da37.tlog\link.command.1.tlog
c:\users\quodpipax\source\repos\rps-code-challenge\rps-code-challenge\rps-code.cbe8da37\x64\debug\rps-code.cbe8da37.tlog\link.read.1.tlog
c:\users\quodpipax\source\repos\rps-code-challenge\rps-code-challenge\rps-code.cbe8da37\x64\debug\rps-code.cbe8da37.tlog\link.secondary.1.tlog
c:\users\quodpipax\source\repos\rps-code-challenge\rps-code-challenge\rps-code.cbe8da37\x64\debug\rps-code.cbe8da37.tlog\link.write.1.tlog
c:\users\quodpipax\source\repos\rps-code-challenge\rps-code-challenge\rps-code.cbe8da37\x64\debug\rps-code.cbe8da37.tlog\microsoft.build.cpptasks.cl.read.1.tlog
c:\users\quodpipax\source\repos\rps-code-challenge\rps-code-challenge\rps-code.cbe8da37\x64\debug\rps-code.cbe8da37.tlog\microsoft.build.cpptasks.cl.write.1.tlog
c:\users\quodpipax\source\repos\rps-code-challenge\rps-code-challenge\rps-code.cbe8da37\x64\debug\rps-code.cbe8da37_md.tlog\cl.command.1.tlog
c:\users\quodpipax\source\repos\rps-code-challenge\rps-code-challenge\rps-code.cbe8da37\x64\debug\rps-code.cbe8da37_md.tlog\microsoft.build.cpptasks.cl.read.1.tlog
c:\users\quodpipax\source\repos\rps-code-challenge\rps-code-challenge\rps-code.cbe8da37\x64\debug\rps-code.cbe8da37_md.tlog\microsoft.build.cpptasks.cl.write.1.tlog
